<?xml version="1.0" encoding="UTF-8"?>
<!-- Generated by org.testng.reporters.JUnitXMLReporter -->
<testsuite ignored="0" hostname="Dell" failures="0" tests="5" name="Parallel Test" time="27.546" errors="0" timestamp="2023-08-30T19:27:55 IST">
  <testcase classname="TestNG_Conecpts.TestNG_Parallel_Execution" name="ChromeTest1" time="10.258"/>
  <testcase classname="TestNG_Conecpts.TestNG_Parallel_Execution" name="ChromeTest2" time="10.59"/>
  <testcase classname="TestNG_Conecpts.TestNG_Parallel_Execution" name="ChromeTest3" time="7.707"/>
  <testcase classname="TestNG_Conecpts.TestNG_Parallel_Execution" name="ChromeTest4" time="9.712"/>
  <testcase classname="TestNG_Conecpts.TestNG_Parallel_Execution" name="ChromeTest5" time="9.534"/>
</testsuite> <!-- Parallel Test -->
